number,value,datetime_start,datetime_complete,duration,params_colsample_bytree,params_gamma,params_learning_rate,params_max_depth,params_min_child_weight,params_n_estimators,params_reg_alpha,params_reg_lambda,params_subsample,state
94,0.5882352941176471,2026-05-10 20:34:19.108126,2026-05-10 20:34:19.448336,0 days 00:00:00.340210,0.8643016823979397,2.753541230404287,0.04241428264849988,7,8,343,4.185645918101458,7.280572546766097,0.9929057509840595,COMPLETE
95,0.5922330097087378,2026-05-10 20:34:19.448336,2026-05-10 20:34:20.241269,0 days 00:00:00.792933,0.871359775950348,2.4824374544311802,0.024409259538908035,6,6,1433,3.6465296471309445,6.096124477916371,0.9360925244952453,COMPLETE
96,0.5911330049261084,2026-05-10 20:34:20.241269,2026-05-10 20:34:20.627619,0 days 00:00:00.386350,0.880697227062043,3.008777259904839,0.03371732413140169,7,7,464,4.941390023350151,4.302951052264016,0.9256261226911536,COMPLETE
97,0.5874587458745875,2026-05-10 20:34:20.629138,2026-05-10 20:34:20.955779,0 days 00:00:00.326641,0.8915934362718406,2.335331316418826,0.036817745311042475,5,8,372,5.2793873232639505,5.258537744511779,0.9819862834088205,COMPLETE
98,0.5906902086677368,2026-05-10 20:34:20.955779,2026-05-10 20:34:21.359202,0 days 00:00:00.403423,0.9244352567292413,2.563297755674844,0.02110818117300454,7,7,325,6.408150084372895,7.624578823639875,0.9444775393846248,COMPLETE
99,0.5957446808510638,2026-05-10 20:34:21.359752,2026-05-10 20:34:21.757960,0 days 00:00:00.398208,0.91644628103626,2.4146158778941103,0.028780218590257083,5,5,422,5.920382442997708,6.833299572963511,0.9696761934445584,COMPLETE
